<?xml version="1.0" encoding="UTF-8"?>
<testng-results skipped="0" failed="0" ignored="11" total="13" passed="2">
  <reporter-output>
  </reporter-output>
  <suite name="Loan Department" duration-ms="271" started-at="2019-08-23T07:06:53Z" finished-at="2019-08-23T07:06:53Z">
    <groups>
      <group name="smoke">
        <method signature="Carloan.Carloan_mobileLogin()[pri:0, instance:Test.Carloan@51efea79]" name="Carloan_mobileLogin" class="Test.Carloan"/>
        <method signature="PL1.Personal_login(java.lang.String)[pri:0, instance:Test.PL1@5034c75a]" name="Personal_login" class="Test.PL1"/>
      </group> <!-- smoke -->
    </groups>
    <test name="Test" duration-ms="271" started-at="2019-08-23T07:06:53Z" finished-at="2019-08-23T07:06:53Z">
      <class name="Test.Carloan">
        <test-method status="PASS" signature="Carloan_mobileLogin()[pri:0, instance:Test.Carloan@51efea79]" name="Carloan_mobileLogin" duration-ms="52" started-at="2019-08-23T07:06:53Z" finished-at="2019-08-23T07:06:53Z">
          <reporter-output>
          </reporter-output>
        </test-method> <!-- Carloan_mobileLogin -->
      </class> <!-- Test.Carloan -->
      <class name="Test.PL1">
        <test-method status="PASS" signature="Personal_login(java.lang.String)[pri:0, instance:Test.PL1@5034c75a]" name="Personal_login" duration-ms="47" started-at="2019-08-23T07:06:53Z" finished-at="2019-08-23T07:06:53Z">
          <params>
            <param index="0">
              <value>
                <![CDATA[cybage.com]]>
              </value>
            </param>
          </params>
          <reporter-output>
          </reporter-output>
        </test-method> <!-- Personal_login -->
      </class> <!-- Test.PL1 -->
    </test> <!-- Test -->
  </suite> <!-- Loan Department -->
</testng-results>
