<?xml version="1.0" encoding="UTF-8"?>
<!-- Generated by org.testng.reporters.JUnitXMLReporter -->
<testsuite hostname="preetika-w8" ignored="2" name="Personal Loan" tests="7" failures="0" timestamp="21 Aug 2019 07:05:38 GMT" time="0.199" errors="0">
  <testcase name="Mobile_Personal_home" time="0.026" classname="Test.Demo"/>
  <testcase name="Mobile_Personal_signin" time="0.016" classname="Test.Demo"/>
  <testcase name="Mobile_Personal_signout" time="0.015" classname="Test.Demo"/>
  <testcase name="Personal_app" time="0.0" classname="Test.Demo"/>
  <testcase name="Personal_login" time="0.016" classname="Test.Demo"/>
  <testcase name="Personal_app" time="0.015" classname="Test.PL1"/>
  <testcase name="Personal_login" time="0.016" classname="Test.PL1"/>
  <testcase name="API_Personal_signin" time="0.0" classname="Test.Demo">
    <ignored/>
  </testcase> <!-- API_Personal_signin -->
  <testcase name="API_Personal_signout" time="0.0" classname="Test.Demo">
    <ignored/>
  </testcase> <!-- API_Personal_signout -->
</testsuite> <!-- Personal Loan -->
