<?xml version="1.0" encoding="UTF-8"?>
<!-- Generated by org.testng.reporters.JUnitXMLReporter -->
<testsuite hostname="preetika-w8" ignored="11" name="Test" tests="2" failures="0" timestamp="23 Aug 2019 07:06:53 GMT" time="0.271" errors="0">
  <testcase name="Carloan_mobileLogin" time="0.052" classname="Test.Carloan"/>
  <testcase name="Personal_login" time="0.047" classname="Test.PL1"/>
  <testcase name="Carloan_mobileBrand" time="0.0" classname="Test.Carloan">
    <ignored/>
  </testcase> <!-- Carloan_mobileBrand -->
  <testcase name="Carloan_mobile_model" time="0.0" classname="Test.Carloan">
    <ignored/>
  </testcase> <!-- Carloan_mobile_model -->
  <testcase name="Mobile_Personal_home" time="0.0" classname="Test.Demo">
    <ignored/>
  </testcase> <!-- Mobile_Personal_home -->
  <testcase name="Personal_app" time="0.0" classname="Test.PL1">
    <ignored/>
  </testcase> <!-- Personal_app -->
  <testcase name="Carloan_APILogin" time="0.0" classname="Test.Carloan">
    <ignored/>
  </testcase> <!-- Carloan_APILogin -->
  <testcase name="Mobile_Personal_signout" time="0.0" classname="Test.Demo">
    <ignored/>
  </testcase> <!-- Mobile_Personal_signout -->
  <testcase name="Personal_app" time="0.0" classname="Test.Demo">
    <ignored/>
  </testcase> <!-- Personal_app -->
  <testcase name="Personal_login" time="0.0" classname="Test.Demo">
    <ignored/>
  </testcase> <!-- Personal_login -->
  <testcase name="Mobile_Personal_signin" time="0.0" classname="Test.Demo">
    <ignored/>
  </testcase> <!-- Mobile_Personal_signin -->
  <testcase name="API_Personal_signin" time="0.0" classname="Test.Demo">
    <ignored/>
  </testcase> <!-- API_Personal_signin -->
  <testcase name="API_Personal_signout" time="0.0" classname="Test.Demo">
    <ignored/>
  </testcase> <!-- API_Personal_signout -->
</testsuite> <!-- Test -->
